c:\users\yang\documents\visual studio 2010\projects\mycvt\mycvt\x64\debug\mycvt.obj
c:\users\yang\documents\visual studio 2010\projects\mycvt\mycvt\x64\debug\vc100.pdb
c:\users\yang\documents\visual studio 2010\projects\mycvt\mycvt\x64\debug\test.obj
c:\users\yang\documents\visual studio 2010\projects\mycvt\x64\debug\mycvt.ilk
c:\users\yang\documents\visual studio 2010\projects\mycvt\x64\debug\mycvt.exe
c:\users\yang\documents\visual studio 2010\projects\mycvt\mycvt\x64\debug\mycvt.exe.intermediate.manifest
c:\users\yang\documents\visual studio 2010\projects\mycvt\x64\debug\mycvt.pdb
c:\users\yang\documents\visual studio 2010\projects\mycvt\mycvt\x64\debug\mycvt.exe.embed.manifest
c:\users\yang\documents\visual studio 2010\projects\mycvt\mycvt\x64\debug\mycvt.exe.embed.manifest.res
e:\mycvt\mycvt\mycvt\x64\debug\vc140.pdb
e:\mycvt\mycvt\mycvt\x64\debug\vc140.idb
e:\mycvt\mycvt\mycvt\x64\debug\mycvt.obj
e:\mycvt\mycvt\mycvt\x64\debug\test.obj
e:\mycvt\mycvt\mycvt\x64\debug\cl.command.1.tlog
e:\mycvt\mycvt\mycvt\x64\debug\cl.read.1.tlog
e:\mycvt\mycvt\mycvt\x64\debug\cl.write.1.tlog
e:\mycvt\mycvt\mycvt\x64\debug\link-cvtres.read.1.tlog
e:\mycvt\mycvt\mycvt\x64\debug\link-cvtres.write.1.tlog
e:\mycvt\mycvt\mycvt\x64\debug\link.11152-cvtres.read.1.tlog
e:\mycvt\mycvt\mycvt\x64\debug\link.11152-cvtres.write.1.tlog
e:\mycvt\mycvt\mycvt\x64\debug\link.11152.read.1.tlog
e:\mycvt\mycvt\mycvt\x64\debug\link.11152.write.1.tlog
e:\mycvt\mycvt\mycvt\x64\debug\link.13696-cvtres.read.1.tlog
e:\mycvt\mycvt\mycvt\x64\debug\link.13696-cvtres.write.1.tlog
e:\mycvt\mycvt\mycvt\x64\debug\link.13696.read.1.tlog
e:\mycvt\mycvt\mycvt\x64\debug\link.13696.write.1.tlog
e:\mycvt\mycvt\mycvt\x64\debug\link.3260-cvtres.read.1.tlog
e:\mycvt\mycvt\mycvt\x64\debug\link.3260-cvtres.write.1.tlog
e:\mycvt\mycvt\mycvt\x64\debug\link.3260.read.1.tlog
e:\mycvt\mycvt\mycvt\x64\debug\link.3260.write.1.tlog
e:\mycvt\mycvt\mycvt\x64\debug\link.3320-cvtres.read.1.tlog
e:\mycvt\mycvt\mycvt\x64\debug\link.3320-cvtres.write.1.tlog
e:\mycvt\mycvt\mycvt\x64\debug\link.3320.read.1.tlog
e:\mycvt\mycvt\mycvt\x64\debug\link.3320.write.1.tlog
e:\mycvt\mycvt\mycvt\x64\debug\link.3388-cvtres.read.1.tlog
e:\mycvt\mycvt\mycvt\x64\debug\link.3388-cvtres.write.1.tlog
e:\mycvt\mycvt\mycvt\x64\debug\link.3388.read.1.tlog
e:\mycvt\mycvt\mycvt\x64\debug\link.3388.write.1.tlog
e:\mycvt\mycvt\mycvt\x64\debug\link.5672-cvtres.read.1.tlog
e:\mycvt\mycvt\mycvt\x64\debug\link.5672-cvtres.write.1.tlog
e:\mycvt\mycvt\mycvt\x64\debug\link.5672.read.1.tlog
e:\mycvt\mycvt\mycvt\x64\debug\link.5672.write.1.tlog
e:\mycvt\mycvt\mycvt\x64\debug\link.5676-cvtres.read.1.tlog
e:\mycvt\mycvt\mycvt\x64\debug\link.5676-cvtres.write.1.tlog
e:\mycvt\mycvt\mycvt\x64\debug\link.5676.read.1.tlog
e:\mycvt\mycvt\mycvt\x64\debug\link.5676.write.1.tlog
e:\mycvt\mycvt\mycvt\x64\debug\link.7056-cvtres.read.1.tlog
e:\mycvt\mycvt\mycvt\x64\debug\link.7056-cvtres.write.1.tlog
e:\mycvt\mycvt\mycvt\x64\debug\link.7056.read.1.tlog
e:\mycvt\mycvt\mycvt\x64\debug\link.7056.write.1.tlog
e:\mycvt\mycvt\mycvt\x64\debug\link.7688-cvtres.read.1.tlog
e:\mycvt\mycvt\mycvt\x64\debug\link.7688-cvtres.write.1.tlog
e:\mycvt\mycvt\mycvt\x64\debug\link.7688.read.1.tlog
e:\mycvt\mycvt\mycvt\x64\debug\link.7688.write.1.tlog
e:\mycvt\mycvt\mycvt\x64\debug\link.7840-cvtres.read.1.tlog
e:\mycvt\mycvt\mycvt\x64\debug\link.7840-cvtres.write.1.tlog
e:\mycvt\mycvt\mycvt\x64\debug\link.7840.read.1.tlog
e:\mycvt\mycvt\mycvt\x64\debug\link.7840.write.1.tlog
e:\mycvt\mycvt\mycvt\x64\debug\link.8060-cvtres.read.1.tlog
e:\mycvt\mycvt\mycvt\x64\debug\link.8060-cvtres.write.1.tlog
e:\mycvt\mycvt\mycvt\x64\debug\link.8060.read.1.tlog
e:\mycvt\mycvt\mycvt\x64\debug\link.8060.write.1.tlog
e:\mycvt\mycvt\mycvt\x64\debug\link.8576-cvtres.read.1.tlog
e:\mycvt\mycvt\mycvt\x64\debug\link.8576-cvtres.write.1.tlog
e:\mycvt\mycvt\mycvt\x64\debug\link.8576.read.1.tlog
e:\mycvt\mycvt\mycvt\x64\debug\link.8576.write.1.tlog
e:\mycvt\mycvt\mycvt\x64\debug\link.8724-cvtres.read.1.tlog
e:\mycvt\mycvt\mycvt\x64\debug\link.8724-cvtres.write.1.tlog
e:\mycvt\mycvt\mycvt\x64\debug\link.8724.read.1.tlog
e:\mycvt\mycvt\mycvt\x64\debug\link.8724.write.1.tlog
e:\mycvt\mycvt\mycvt\x64\debug\link.9364-cvtres.read.1.tlog
e:\mycvt\mycvt\mycvt\x64\debug\link.9364-cvtres.write.1.tlog
e:\mycvt\mycvt\mycvt\x64\debug\link.9364.read.1.tlog
e:\mycvt\mycvt\mycvt\x64\debug\link.9364.write.1.tlog
e:\mycvt\mycvt\mycvt\x64\debug\link.9912-cvtres.read.1.tlog
e:\mycvt\mycvt\mycvt\x64\debug\link.9912-cvtres.write.1.tlog
e:\mycvt\mycvt\mycvt\x64\debug\link.9912.read.1.tlog
e:\mycvt\mycvt\mycvt\x64\debug\link.9912.write.1.tlog
e:\mycvt\mycvt\mycvt\x64\debug\link.command.1.tlog
e:\mycvt\mycvt\mycvt\x64\debug\link.read.1.tlog
e:\mycvt\mycvt\mycvt\x64\debug\link.write.1.tlog
e:\mycvt\mycvt\mycvt\x64\debug\mt.command.1.tlog
e:\mycvt\mycvt\mycvt\x64\debug\mt.read.1.tlog
e:\mycvt\mycvt\mycvt\x64\debug\mt.write.1.tlog
e:\mycvt\mycvt\mycvt\x64\debug\rc.command.1.tlog
e:\mycvt\mycvt\mycvt\x64\debug\rc.read.1.tlog
e:\mycvt\mycvt\mycvt\x64\debug\rc.write.1.tlog
e:\mycvt\mycvt\mycvt\x64\debug\mycvt.exe.embed.manifest
e:\mycvt\mycvt\mycvt\x64\debug\mycvt.exe.intermediate.manifest
e:\mycvt\mycvt\mycvt\x64\debug\mycvt.exe.embed.manifest.res
e:\mycvt\mycvt\mycvt\x64\debug\vc100.idb
e:\mycvt\mycvt\mycvt\x64\debug\vc100.pdb
e:\mycvt\mycvt\mycvt\x64\debug\mycvt_manifest.rc
e:\mycvt\mycvt\x64\debug\mycvt.pdb
e:\mycvt\mycvt\mycvt\x64\debug\mycvt.tlog\cl.command.1.tlog
e:\mycvt\mycvt\mycvt\x64\debug\mycvt.tlog\cl.read.1.tlog
e:\mycvt\mycvt\mycvt\x64\debug\mycvt.tlog\cl.write.1.tlog
e:\mycvt\mycvt\mycvt\x64\debug\mycvt.tlog\link-cvtres.read.1.tlog
e:\mycvt\mycvt\mycvt\x64\debug\mycvt.tlog\link-cvtres.write.1.tlog
e:\mycvt\mycvt\mycvt\x64\debug\mycvt.tlog\link-rc.read.1.tlog
e:\mycvt\mycvt\mycvt\x64\debug\mycvt.tlog\link-rc.write.1.tlog
e:\mycvt\mycvt\mycvt\x64\debug\mycvt.tlog\link.command.1.tlog
e:\mycvt\mycvt\mycvt\x64\debug\mycvt.tlog\link.read.1.tlog
e:\mycvt\mycvt\mycvt\x64\debug\mycvt.tlog\link.write.1.tlog
