生成启动时间为 2016-8-31 10:39:51。
     1>项目“E:\MyCvt\MyCvt\MyCvt\MyCvt.vcxproj”在节点 2 上(Build 个目标)。
     1>ClCompile:
         C:\Program Files (x86)\Microsoft Visual Studio 14.0\VC\bin\x86_amd64\CL.exe /c /ZI /nologo /W3 /WX- /Od /D _DEBUG /D _CONSOLE /D _UNICODE /D UNICODE /Gm /EHsc /RTC1 /MDd /GS /fp:precise /Zc:wchar_t /Zc:forScope /Zc:inline /Fo"x64\Debug\\" /Fd"x64\Debug\vc140.pdb" /Gd /TP /errorReport:prompt MyCvt.cpp
         MyCvt.cpp
     1>f:\opencv\build\include\opencv2\core\mat.hpp(1965): warning C4819: 该文件包含不能在当前代码页(936)中表示的字符。请将该文件保存为 Unicode 格式以防止数据丢失
     1>f:\opencv\build\include\opencv2\core\persistence.hpp : warning C4819: 该文件包含不能在当前代码页(936)中表示的字符。请将该文件保存为 Unicode 格式以防止数据丢失
     1>f:\opencv\build\include\opencv2\core\utility.hpp : warning C4819: 该文件包含不能在当前代码页(936)中表示的字符。请将该文件保存为 Unicode 格式以防止数据丢失
     1>e:\mycvt\mycvt\mycvt\myalgorithm.h(60): warning C4244: “参数”: 从“double”转换到“float”，可能丢失数据
     1>e:\mycvt\mycvt\mycvt\myalgorithm.h(78): warning C4244: “=”: 从“double”转换到“uchar”，可能丢失数据
     1>e:\mycvt\mycvt\mycvt\myalgorithm.h(114): warning C4267: “初始化”: 从“size_t”转换到“int”，可能丢失数据
     1>e:\mycvt\mycvt\mycvt\myalgorithm.h(130): warning C4244: “初始化”: 从“double”转换到“float”，可能丢失数据
     1>e:\mycvt\mycvt\mycvt\myalgorithm.h(131): warning C4244: “初始化”: 从“double”转换到“float”，可能丢失数据
     1>e:\mycvt\mycvt\mycvt\mycvt.cpp(62): warning C4244: “初始化”: 从“double”转换到“float”，可能丢失数据
       Link:
         C:\Program Files (x86)\Microsoft Visual Studio 14.0\VC\bin\x86_amd64\link.exe /ERRORREPORT:PROMPT /OUT:"E:\MyCvt\MyCvt\x64\Debug\MyCvt.exe" /INCREMENTAL /NOLOGO opencv_world310.lib kernel32.lib user32.lib gdi32.lib winspool.lib comdlg32.lib advapi32.lib shell32.lib ole32.lib oleaut32.lib uuid.lib odbc32.lib odbccp32.lib /MANIFEST /MANIFESTUAC:"level='asInvoker' uiAccess='false'" /manifest:embed /Debug /PDB:"E:\MyCvt\MyCvt\x64\Debug\MyCvt.pdb" /SUBSYSTEM:CONSOLE /TLBID:1 /DYNAMICBASE /NXCOMPAT /IMPLIB:"E:\MyCvt\MyCvt\x64\Debug\MyCvt.lib" /MACHINE:X64 x64\Debug\MyCvt.obj
         MyCvt.vcxproj -> E:\MyCvt\MyCvt\x64\Debug\MyCvt.exe
     1>已完成生成项目“E:\MyCvt\MyCvt\MyCvt\MyCvt.vcxproj”(Build 个目标)的操作。

已成功生成。

已用时间 00:00:03.07
